2021/03/07 11:11:27 bitflyer.go:212: connecting to wss://ws.lightstream.bitflyer.com/json-rpc
2021/03/07 11:11:27 streamdata.go:16: action=StreamIngestionData, {BTC_USD 2021-03-07T02:11:27.4718504Z 6271449 49226.01 49258.76 0.02 0.098 8.95779729 6.5865561 49181.08 5.76137656 5.76137656}
2021/03/07 11:11:28 streamdata.go:16: action=StreamIngestionData, {BTC_USD 2021-03-07T02:11:28.319373Z 6271453 49222.37 49258.76 0.02 0.098 8.95779729 6.5865561 49181.08 5.76137656 5.76137656}
2021/03/07 11:11:29 streamdata.go:16: action=StreamIngestionData, {BTC_USD 2021-03-07T02:11:29.4631685Z 6271456 49217.69 49258.76 3 0.098 11.94679729 6.5865561 49181.08 5.76137656 5.76137656}
2021/03/07 11:11:30 streamdata.go:16: action=StreamIngestionData, {BTC_USD 2021-03-07T02:11:30.1797956Z 6271459 49224.98 49258.76 0.02 0.098 11.92679729 6.6965561 49181.08 5.76137656 5.76137656}
2021/03/07 11:11:30 streamdata.go:16: action=StreamIngestionData, {BTC_USD 2021-03-07T02:11:30.9585014Z 6271460 49217.69 49258.76 3 0.098 11.90679729 6.6965561 49181.08 5.76137656 5.76137656}
2021/03/07 11:11:31 streamdata.go:16: action=StreamIngestionData, {BTC_USD 2021-03-07T02:11:31.820476Z 6271462 49217.7 49258.76 0.039 0.098 12.48580899 6.6965561 49181.08 5.76137656 5.76137656}
2021/03/07 11:11:32 streamdata.go:16: action=StreamIngestionData, {BTC_USD 2021-03-07T02:11:32.8430785Z 6271464 49217.7 49258.76 0.039 0.098 11.42025329 6.6965561 49181.08 5.76137656 5.76137656}
2021/03/07 11:11:33 streamdata.go:16: action=StreamIngestionData, {BTC_USD 2021-03-07T02:11:33.4599812Z 6271467 49222.99 49258.76 0.02 0.098 11.95582129 6.5865561 49181.08 5.76137656 5.76137656}
2021/03/07 11:11:34 streamdata.go:16: action=StreamIngestionData, {BTC_USD 2021-03-07T02:11:34.1297036Z 6271471 49217.7 49258.76 0.039 0.091 11.93082129 6.5405561 49181.08 5.76137656 5.76137656}
2021/03/07 11:11:34 streamdata.go:16: action=StreamIngestionData, {BTC_USD 2021-03-07T02:11:34.6756648Z 6271474 49221.31 49258.76 0.02 0.091 11.91182129 6.6505561 49181.08 5.76137656 5.76137656}
2021/03/07 11:11:38 streamdata.go:16: action=StreamIngestionData, {BTC_USD 2021-03-07T02:11:38.6787739Z 6271478 49217.7 49258.76 0.088 0.142 11.94082129 6.7065561 49181.08 5.76137656 5.76137656}
2021/03/07 11:11:39 streamdata.go:16: action=StreamIngestionData, {BTC_USD 2021-03-07T02:11:39.7400075Z 6271482 49217.7 49254.17 0.088 0.12 11.96082129 6.8265561 49181.08 5.76137656 5.76137656}
2021/03/07 11:11:40 streamdata.go:16: action=StreamIngestionData, {BTC_USD 2021-03-07T02:11:40.7511186Z 6271484 49217.7 49254.17 0.088 0.12 11.96082129 7.0219669 49181.08 5.76137656 5.76137656}
2021/03/07 11:11:41 streamdata.go:16: action=StreamIngestionData, {BTC_USD 2021-03-07T02:11:41.3772177Z 6271487 49217.7 49254.16 0.088 0.039 11.94082129 6.8555259 49181.08 5.76137656 5.76137656}
2021/03/07 11:11:42 streamdata.go:16: action=StreamIngestionData, {BTC_USD 2021-03-07T02:11:41.9562727Z 6271488 49217.7 49254.16 0.088 0.039 11.94082129 6.7355259 49181.08 5.76137656 5.76137656}
2021/03/07 11:11:44 streamdata.go:16: action=StreamIngestionData, {BTC_USD 2021-03-07T02:11:44.4401831Z 6271491 49217.7 49258.76 0.088 0.094 11.94082129 6.6965259 49181.08 5.76137656 5.76137656}
2021/03/07 11:11:45 streamdata.go:16: action=StreamIngestionData, {BTC_USD 2021-03-07T02:11:44.9280797Z 6271494 49217.7 49254.02 0.088 0.12 11.96082129 6.8645259 49181.08 5.76137656 5.76137656}
2021/03/07 11:11:45 streamdata.go:16: action=StreamIngestionData, {BTC_USD 2021-03-07T02:11:45.8190015Z 6271495 49217.7 49254.02 0.088 0.12 11.94082129 6.8645259 49181.08 5.76137656 5.76137656}
2021/03/07 11:11:46 streamdata.go:16: action=StreamIngestionData, {BTC_USD 2021-03-07T02:11:46.3971149Z 6271499 49217.7 49258.76 0.049 0.099 11.90182129 6.6965259 49181.08 5.76137656 5.76137656}
2021/03/07 11:11:47 streamdata.go:16: action=StreamIngestionData, {BTC_USD 2021-03-07T02:11:47.2739531Z 6271502 49217.69 49258.76 3 0.099 11.85282129 6.6965259 49181.08 5.76137656 5.76137656}
2021/03/07 11:11:48 streamdata.go:16: action=StreamIngestionData, {BTC_USD 2021-03-07T02:11:48.0860651Z 6271505 49217.69 49258.76 3 0.048 11.85282129 6.6455259 49181.08 5.76137656 5.76137656}
2021/03/07 11:11:49 streamdata.go:16: action=StreamIngestionData, {BTC_USD 2021-03-07T02:11:48.9303836Z 6271509 49217.7 49258.76 0.05 0.1 11.90282129 6.6975259 49181.08 5.76137656 5.76137656}
2021/03/07 11:11:49 streamdata.go:16: action=StreamIngestionData, {BTC_USD 2021-03-07T02:11:49.8841379Z 6271511 49217.7 49258.76 0.05 0.1 11.90282129 6.6975259 49181.08 5.76137656 5.76137656}
2021/03/07 11:11:50 streamdata.go:16: action=StreamIngestionData, {BTC_USD 2021-03-07T02:11:50.4310235Z 6271512 49217.7 49258.76 0.05 0.1 11.90282129 6.5875259 49181.08 5.76137656 5.76137656}
2021/03/07 11:11:51 streamdata.go:16: action=StreamIngestionData, {BTC_USD 2021-03-07T02:11:51.0268509Z 6271513 49217.7 49258.76 0.05 0.1 11.90282129 6.6975259 49181.08 5.76137656 5.76137656}
2021/03/07 11:11:53 streamdata.go:16: action=StreamIngestionData, {BTC_USD 2021-03-07T02:11:52.9727253Z 6271514 49217.7 49258.76 0.05 0.1 11.90282129 6.4541151 49181.08 5.76137656 5.76137656}
2021/03/07 11:11:53 streamdata.go:16: action=StreamIngestionData, {BTC_USD 2021-03-07T02:11:53.4636905Z 6271516 49217.7 49258.76 0.05 0.1 11.90282129 6.5604267 49181.08 5.76137656 5.76137656}
2021/03/07 11:11:54 streamdata.go:16: action=StreamIngestionData, {BTC_USD 2021-03-07T02:11:54.2460617Z 6271520 49217.7 49258.76 0.05 0.1 11.75282129 6.3804267 49181.08 5.76137656 5.76137656}
2021/03/07 11:12:01 streamdata.go:16: action=StreamIngestionData, {BTC_USD 2021-03-07T02:12:01.140404Z 6271526 49217.7 49258.76 0.05 0.1 11.90282129 6.8204267 49181.08 5.76137656 5.76137656}
2021/03/07 11:12:01 streamdata.go:16: action=StreamIngestionData, {BTC_USD 2021-03-07T02:12:01.7434033Z 6271528 49217.7 49258.76 0.05 0.1 11.89382129 6.7004267 49181.08 5.76137656 5.76137656}
2021/03/07 11:12:02 streamdata.go:16: action=StreamIngestionData, {BTC_USD 2021-03-07T02:12:02.469494Z 6271529 49217.7 49258.76 0.05 0.1 11.89382129 6.8204267 49181.08 5.76137656 5.76137656}
2021/03/07 11:12:03 streamdata.go:16: action=StreamIngestionData, {BTC_USD 2021-03-07T02:12:02.9461115Z 6271532 49217.7 49258.76 0.05 0.1 11.49352129 6.6404267 49181.08 5.76137656 5.76137656}
2021/03/07 11:12:03 streamdata.go:16: action=StreamIngestionData, {BTC_USD 2021-03-07T02:12:03.6143165Z 6271538 49217.7 49246.95 0.05 0.2503 11.74382129 6.1004267 49181.08 5.76137656 5.76137656}
2021/03/07 11:12:04 streamdata.go:16: action=StreamIngestionData, {BTC_USD 2021-03-07T02:12:04.2046991Z 6271548 49217.7 49246.94 0.088 0.044 11.80182129 3.7274267 49181.08 5.76137656 5.76137656}
2021/03/07 11:12:04 streamdata.go:16: action=StreamIngestionData, {BTC_USD 2021-03-07T02:12:04.7682601Z 6271550 49217.7 49246.94 0.088 0.044 11.95182129 3.6074267 49181.08 5.76137656 5.76137656}
2021/03/07 11:12:05 streamdata.go:16: action=StreamIngestionData, {BTC_USD 2021-03-07T02:12:05.2682802Z 6271551 49217.7 49246.94 0.088 0.044 11.95182129 3.7474267 49181.08 5.76137656 5.76137656}
2021/03/07 11:12:05 streamdata.go:16: action=StreamIngestionData, {BTC_USD 2021-03-07T02:12:05.8619394Z 6271552 49217.7 49246.94 0.088 0.044 11.95182129 3.5011151 49181.08 5.76137656 5.76137656}
2021/03/07 11:12:06 streamdata.go:16: action=StreamIngestionData, {BTC_USD 2021-03-07T02:12:06.5347702Z 6271554 49217.7 49246.94 0.088 0.044 11.95182129 6.6211151 49181.08 5.76137656 5.76137656}
2021/03/07 11:12:08 streamdata.go:16: action=StreamIngestionData, {BTC_USD 2021-03-07T02:12:08.1917351Z 6271556 49217.7 49246.94 0.088 0.044 11.55982129 6.5011151 49181.08 5.76137656 5.76137656}
2021/03/07 11:12:08 streamdata.go:16: action=StreamIngestionData, {BTC_USD 2021-03-07T02:12:08.8645659Z 6271558 49217.7 49246.94 0.088 0.044 11.95182129 7.4392996 49181.08 5.76137656 5.76137656}
2021/03/07 11:12:09 streamdata.go:16: action=StreamIngestionData, {BTC_USD 2021-03-07T02:12:09.6772712Z 6271563 49217.7 49246.94 0.088 0.044 12.69427439 7.6573593 49181.08 5.76137656 5.76137656}
2021/03/07 11:12:12 streamdata.go:16: action=StreamIngestionData, {BTC_USD 2021-03-07T02:12:11.9622306Z 6271565 49217.7 49246.94 0.088 0.044 9.69427439 7.7773593 49181.08 5.76137656 5.76137656}
2021/03/07 11:12:12 streamdata.go:16: action=StreamIngestionData, {BTC_USD 2021-03-07T02:12:12.8060883Z 6271592 49217.7 49246.94 0.05 0.044 9.78657439 7.1765537 49181.08 5.76137656 5.76137656}
2021/03/07 11:12:13 streamdata.go:16: action=StreamIngestionData, {BTC_USD 2021-03-07T02:12:13.5672952Z 6271607 49205.64 49246.94 0.2503 0.044 9.15896789 7.0395224 49181.08 5.76137656 5.76137656}
2021/03/07 11:12:14 streamdata.go:16: action=StreamIngestionData, {BTC_USD 2021-03-07T02:12:14.0727343Z 6271616 49209.15 49246.94 3 0.092 12.12896789 6.4875224 49181.08 5.76137656 5.76137656}
2021/03/07 11:12:14 streamdata.go:16: action=StreamIngestionData, {BTC_USD 2021-03-07T02:12:14.6302225Z 6271624 49209.15 49246.94 3 0.048 12.64896789 6.9065224 49181.08 5.76137656 5.76137656}
2021/03/07 11:12:15 streamdata.go:16: action=StreamIngestionData, {BTC_USD 2021-03-07T02:12:15.5198528Z 6271629 49209.15 49246.94 3 0.048 12.89896789 7.5065224 49181.08 5.76137656 5.76137656}
2021/03/07 11:12:16 streamdata.go:16: action=StreamIngestionData, {BTC_USD 2021-03-07T02:12:16.2953999Z 6271631 49209.15 49246.94 3 0.098 12.64866789 7.5565224 49181.08 5.76137656 5.76137656}
2021/03/07 11:12:17 streamdata.go:16: action=StreamIngestionData, {BTC_USD 2021-03-07T02:12:16.9857167Z 6271637 49195.26 49246.94 0.2503 0.098 9.39866789 6.9565224 49181.08 5.76137656 5.76137656}
2021/03/07 11:12:17 streamdata.go:16: action=StreamIngestionData, {BTC_USD 2021-03-07T02:12:17.5943573Z 6271639 49195.27 49246.94 3 0.098 12.39866789 7.2365224 49181.08 5.76137656 5.76137656}
2021/03/07 11:12:18 streamdata.go:16: action=StreamIngestionData, {BTC_USD 2021-03-07T02:12:18.2661746Z 6271645 49195.27 49246.94 3 0.114 12.89896789 7.5725224 49181.08 5.76137656 5.76137656}
2021/03/07 11:12:19 streamdata.go:16: action=StreamIngestionData, {BTC_USD 2021-03-07T02:12:19.157827Z 6271646 49195.27 49246.94 3 0.114 12.89896789 7.6825224 49181.08 5.76137656 5.76137656}
2021/03/07 11:12:20 streamdata.go:16: action=StreamIngestionData, {BTC_USD 2021-03-07T02:12:20.0493648Z 6271650 49202.9 49246.94 0.2503 0.114 12.89896789 7.6825224 49181.08 5.76137656 5.76137656}
2021/03/07 11:12:20 streamdata.go:16: action=StreamIngestionData, {BTC_USD 2021-03-07T02:12:20.645094Z 6271652 49202.9 49246.94 0.2503 0.114 12.64866789 7.5725224 49181.08 5.76137656 5.76137656}
2021/03/07 11:12:21 streamdata.go:16: action=StreamIngestionData, {BTC_USD 2021-03-07T02:12:21.4247147Z 6271658 49195.27 49257.27 3 0.033 12.39836789 7.3182224 49181.08 5.76137656 5.76137656}
2021/03/07 11:12:23 streamdata.go:16: action=StreamIngestionData, {BTC_USD 2021-03-07T02:12:23.8167682Z 6271663 49195.27 49245.02 3 0.2503 12.39836789 7.5685224 49181.08 5.76137656 5.76137656}
2021/03/07 11:12:24 streamdata.go:16: action=StreamIngestionData, {BTC_USD 2021-03-07T02:12:24.6927478Z 6271671 49207.14 49245.01 0.02 0.042 12.16806789 7.4322224 49181.08 5.76137656 5.76137656}
2021/03/07 11:12:25 streamdata.go:16: action=StreamIngestionData, {BTC_USD 2021-03-07T02:12:25.3952912Z 6271672 49195.27 49245.01 3 0.042 12.14806789 7.4322224 49181.08 5.76137656 5.76137656}
2021/03/07 11:12:26 streamdata.go:16: action=StreamIngestionData, {BTC_USD 2021-03-07T02:12:26.0382361Z 6271680 49207.06 49242.93 0.02 0.2503 12.86096789 7.6405224 49181.08 5.76137656 5.76137656}
2021/03/07 11:12:28 streamdata.go:16: action=StreamIngestionData, {BTC_USD 2021-03-07T02:12:28.3368984Z 6271681 49207.06 49242.93 0.02 0.2503 12.86096789 7.5305224 49181.08 5.76137656 5.76137656}
2021/03/07 11:12:29 streamdata.go:16: action=StreamIngestionData, {BTC_USD 2021-03-07T02:12:29.1978947Z 6271687 49206 49242.93 0.2503 0.2503 12.80896789 4.6075224 49181.08 5.76137656 5.76137656}
2021/03/07 11:12:29 streamdata.go:16: action=StreamIngestionData, {BTC_USD 2021-03-07T02:12:29.9014167Z 6271688 49206 49242.93 0.2503 0.2503 12.80896789 7.6075224 49181.08 5.76137656 5.76137656}
2021/03/07 11:12:33 streamdata.go:16: action=StreamIngestionData, {BTC_USD 2021-03-07T02:12:33.2236431Z 6271689 49206 49242.93 0.2503 0.2503 12.78896789 7.6075224 49181.08 5.76137656 5.76137656}
2021/03/07 11:12:33 streamdata.go:16: action=StreamIngestionData, {BTC_USD 2021-03-07T02:12:33.7553855Z 6271697 49206.01 49242.92 0.051 0.049 12.87196789 7.6565224 49181.08 5.76137656 5.76137656}
2021/03/07 11:12:34 streamdata.go:16: action=StreamIngestionData, {BTC_USD 2021-03-07T02:12:34.6605282Z 6271700 49206.01 49242.92 0.051 0.049 12.31882369 7.6785224 49181.08 5.76137656 5.76137656}
2021/03/07 11:12:35 streamdata.go:16: action=StreamIngestionData, {BTC_USD 2021-03-07T02:12:35.1230105Z 6271704 49198.62 49242.92 0.2503 0.049 12.81923209 7.6065224 49181.08 5.76137656 5.76137656}
2021/03/07 11:12:35 streamdata.go:16: action=StreamIngestionData, {BTC_USD 2021-03-07T02:12:35.6921194Z 6271705 49198.62 49242.92 0.2503 0.049 12.81923209 7.3562224 49181.08 5.76137656 5.76137656}
2021/03/07 11:12:36 streamdata.go:16: action=StreamIngestionData, {BTC_USD 2021-03-07T02:12:36.3733316Z 6271710 49198.63 49231.85 0.052 0.2503 12.75123209 7.6795224 49181.08 5.76137656 5.76137656}
2021/03/07 11:12:37 streamdata.go:16: action=StreamIngestionData, {BTC_USD 2021-03-07T02:12:37.4417531Z 6271717 49198.63 49231.85 0.052 0.2503 12.75123209 7.4995224 49181.08 5.76137656 5.76137656}
2021/03/07 11:12:39 streamdata.go:16: action=StreamIngestionData, {BTC_USD 2021-03-07T02:12:39.7079302Z 6271721 49198.63 49231.85 0.052 0.2503 12.87123209 7.2195224 49181.08 5.76137656 5.76137656}
2021/03/07 11:12:41 streamdata.go:16: action=StreamIngestionData, {BTC_USD 2021-03-07T02:12:40.9710985Z 6271722 49198.63 49231.85 0.052 0.2503 12.87123209 7.4995224 49181.08 5.76137656 5.76137656}
2021/03/07 11:12:45 streamdata.go:16: action=StreamIngestionData, {BTC_USD 2021-03-07T02:12:45.7073204Z 6271724 49198.63 49231.85 0.052 0.2503 12.72123209 7.6795224 49181.08 5.76137656 5.76137656}
2021/03/07 11:12:46 streamdata.go:16: action=StreamIngestionData, {BTC_USD 2021-03-07T02:12:46.5682208Z 6271726 49198.63 49231.85 0.052 0.2503 12.62093209 7.6795224 49181.08 5.76137656 5.76137656}
2021/03/07 11:12:47 streamdata.go:16: action=StreamIngestionData, {BTC_USD 2021-03-07T02:12:47.0875736Z 6271729 49195.28 49231.85 0.012 0.2503 12.56893209 7.6305224 49181.08 5.76137656 5.76137656}
2021/03/07 11:12:47 streamdata.go:16: action=StreamIngestionData, {BTC_USD 2021-03-07T02:12:47.7400569Z 6271732 49196.49 49231.85 0.02 0.2503 12.83923209 7.4905224 49181.08 5.76137656 5.76137656}
2021/03/07 11:12:48 streamdata.go:16: action=StreamIngestionData, {BTC_USD 2021-03-07T02:12:48.337352Z 6271735 49195.28 49231.85 0.012 0.2503 12.81923209 7.4415224 49181.08 5.76137656 5.76137656}
2021/03/07 11:12:49 streamdata.go:16: action=StreamIngestionData, {BTC_USD 2021-03-07T02:12:49.1799341Z 6271737 49195.28 49231.85 0.012 0.2503 12.67923209 7.5815224 49181.08 5.76137656 5.76137656}
2021/03/07 11:12:49 streamdata.go:16: action=StreamIngestionData, {BTC_USD 2021-03-07T02:12:49.7707902Z 6271742 49195.28 49231.84 0.067 0.055 12.73423209 7.607239 49181.08 5.76137656 5.76137656}
2021/03/07 11:12:52 streamdata.go:16: action=StreamIngestionData, {BTC_USD 2021-03-07T02:12:52.3190622Z 6271746 49195.28 49231.84 0.067 0.055 12.62393209 7.401939 49181.08 5.76137656 5.76137656}
2021/03/07 11:12:54 streamdata.go:16: action=StreamIngestionData, {BTC_USD 2021-03-07T02:12:53.8836061Z 6271749 49195.28 49223.22 0.067 0.2503 12.87423209 7.597239 49181.08 5.76137656 5.76137656}
2021/03/07 11:12:54 streamdata.go:16: action=StreamIngestionData, {BTC_USD 2021-03-07T02:12:54.6618838Z 6271753 49195.28 49223.22 0.067 0.2503 12.76423209 7.551239 49181.08 5.76137656 5.76137656}
2021/03/07 11:12:55 streamdata.go:16: action=StreamIngestionData, {BTC_USD 2021-03-07T02:12:55.4310757Z 6271756 49195.28 49223.21 0.067 0.046 12.87423209 7.644239 49181.08 5.76137656 5.76137656}
2021/03/07 11:12:57 streamdata.go:16: action=StreamIngestionData, {BTC_USD 2021-03-07T02:12:56.9494302Z 6271757 49195.28 49223.21 0.067 0.046 12.76423209 7.644239 49181.08 5.76137656 5.76137656}
2021/03/07 11:12:57 streamdata.go:16: action=StreamIngestionData, {BTC_USD 2021-03-07T02:12:57.5352157Z 6271758 49195.28 49223.21 0.067 0.046 12.87423209 7.644239 49181.08 5.76137656 5.76137656}
2021/03/07 11:12:59 streamdata.go:16: action=StreamIngestionData, {BTC_USD 2021-03-07T02:12:59.4484091Z 6271760 49195.28 49223.21 0.067 0.046 12.87423209 7.644239 49181.08 5.76137656 5.76137656}
2021/03/07 11:13:00 streamdata.go:16: action=StreamIngestionData, {BTC_USD 2021-03-07T02:12:59.8988421Z 6271762 49195.28 49223.21 0.067 0.046 12.87423209 7.644239 49181.08 5.76137656 5.76137656}
2021/03/07 11:13:00 streamdata.go:16: action=StreamIngestionData, {BTC_USD 2021-03-07T02:13:00.5511822Z 6271766 49195.27 49223.21 3 0.046 12.80723209 7.513939 49181.08 5.76137656 5.76137656}
2021/03/07 11:13:01 streamdata.go:16: action=StreamIngestionData, {BTC_USD 2021-03-07T02:13:01.2568226Z 6271770 49195.27 49242.84 3 0.12 12.65723209 4.327939 49181.08 5.76137656 5.76137656}
2021/03/07 11:13:01 streamdata.go:16: action=StreamIngestionData, {BTC_USD 2021-03-07T02:13:01.7129313Z 6271775 49195.28 49242.89 0.052 0.042 12.45923209 4.249939 49181.08 5.76137656 5.76137656}
2021/03/07 11:13:02 streamdata.go:16: action=StreamIngestionData, {BTC_USD 2021-03-07T02:13:02.615655Z 6271783 49200.15 49242.89 0.2503 0.042 12.85923209 4.760239 49181.08 5.76137656 5.76137656}
2021/03/07 11:13:03 streamdata.go:16: action=StreamIngestionData, {BTC_USD 2021-03-07T02:13:03.2597768Z 6271785 49200.15 49242.89 0.2503 0.042 12.85923209 4.595239 49181.08 5.76137656 5.76137656}
2021/03/07 11:13:06 streamdata.go:16: action=StreamIngestionData, {BTC_USD 2021-03-07T02:13:06.2878289Z 6271787 49200.15 49242.89 0.2503 0.042 12.85923209 4.595239 49181.08 5.76137656 5.76137656}
2021/03/07 11:13:06 streamdata.go:16: action=StreamIngestionData, {BTC_USD 2021-03-07T02:13:06.8176459Z 6271793 49200.16 49242.89 0.014 0.09 12.87423209 4.073239 49181.08 5.76137656 5.76137656}
2021/03/07 11:13:07 streamdata.go:16: action=StreamIngestionData, {BTC_USD 2021-03-07T02:13:07.8989289Z 6271800 49212.95 49242.89 0.2503 0.09 12.87423209 3.8602996 49181.08 5.76137656 5.76137656}
2021/03/07 11:13:08 streamdata.go:16: action=StreamIngestionData, {BTC_USD 2021-03-07T02:13:08.538223Z 6271811 49212.95 49242.89 0.2503 0.048 9.48995909 3.5451596 49181.08 5.76137656 5.76137656}
2021/03/07 11:13:09 streamdata.go:16: action=StreamIngestionData, {BTC_USD 2021-03-07T02:13:09.0250459Z 6271815 49212.95 49251.85 0.2503 0.2503 9.23995909 3.3571596 49181.08 5.76137656 5.76137656}
2021/03/07 11:13:10 streamdata.go:16: action=StreamIngestionData, {BTC_USD 2021-03-07T02:13:09.9965698Z 6271831 49220.9 49251.85 0.2503 0.2503 12.35995909 7.0411596 49181.08 5.76137656 5.76137656}
2021/03/07 11:13:10 streamdata.go:16: action=StreamIngestionData, {BTC_USD 2021-03-07T02:13:10.6403511Z 6271834 49220.9 49251.85 0.2503 0.2503 12.30895909 7.0131596 49181.08 5.76137656 5.76137656}
2021/03/07 11:13:11 streamdata.go:16: action=StreamIngestionData, {BTC_USD 2021-03-07T02:13:11.2679161Z 6271840 49220.9 49251.85 0.2503 0.2503 12.70895909 7.6131596 49181.08 5.76137656 5.76137656}
2021/03/07 11:13:12 streamdata.go:16: action=StreamIngestionData, {BTC_USD 2021-03-07T02:13:12.6917547Z 6271841 49220.9 49251.85 0.2503 0.2503 12.70895909 7.5031596 49181.08 5.76137656 5.76137656}
2021/03/07 11:13:13 streamdata.go:16: action=StreamIngestionData, {BTC_USD 2021-03-07T02:13:13.2361083Z 6271845 49220.91 49251.84 0.015 0.028 12.75695909 7.6411596 49181.08 5.76137656 5.76137656}
2021/03/07 11:13:14 streamdata.go:16: action=StreamIngestionData, {BTC_USD 2021-03-07T02:13:14.1129004Z 6271848 49220.91 49251.84 0.015 0.028 12.76095909 7.6411596 49181.08 5.76137656 5.76137656}
2021/03/07 11:13:15 streamdata.go:16: action=StreamIngestionData, {BTC_USD 2021-03-07T02:13:14.9286687Z 6271851 49220.91 49251.84 0.015 0.028 12.76095909 7.5311596 49181.08 5.76137656 5.76137656}
2021/03/07 11:13:15 streamdata.go:16: action=StreamIngestionData, {BTC_USD 2021-03-07T02:13:15.7247568Z 6271853 49220.91 49251.84 0.015 0.028 12.76995909 7.6411596 49181.08 5.76137656 5.76137656}
2021/03/07 11:13:16 streamdata.go:16: action=StreamIngestionData, {BTC_USD 2021-03-07T02:13:16.6617525Z 6271855 49220.91 49251.84 0.015 0.028 12.76995909 7.6411596 49181.08 5.76137656 5.76137656}
2021/03/07 11:13:17 streamdata.go:16: action=StreamIngestionData, {BTC_USD 2021-03-07T02:13:17.3373379Z 6271857 49220.91 49251.84 0.015 0.028 12.76995909 7.3911596 49181.08 5.76137656 5.76137656}
2021/03/07 11:13:18 streamdata.go:16: action=StreamIngestionData, {BTC_USD 2021-03-07T02:13:18.3994904Z 6271859 49220.91 49251.84 0.015 0.028 12.76995909 7.6411596 49181.08 5.76137656 5.76137656}
2021/03/07 11:13:19 streamdata.go:16: action=StreamIngestionData, {BTC_USD 2021-03-07T02:13:19.2421873Z 6271862 49220.91 49251.84 0.015 0.028 12.76995909 4.6411596 49181.08 5.76137656 5.76137656}
2021/03/07 11:13:20 streamdata.go:16: action=StreamIngestionData, {BTC_USD 2021-03-07T02:13:20.2738933Z 6271863 49220.91 49251.84 0.015 0.028 12.76995909 7.6411596 49181.08 5.76137656 5.76137656}
2021/03/07 11:13:22 streamdata.go:16: action=StreamIngestionData, {BTC_USD 2021-03-07T02:13:22.8504839Z 6271864 49220.91 49251.84 0.015 0.028 12.76995909 6.7029751 49181.08 5.76137656 5.76137656}
2021/03/07 11:13:24 streamdata.go:16: action=StreamIngestionData, {BTC_USD 2021-03-07T02:13:24.9757201Z 6271865 49220.91 49251.84 0.015 0.028 12.76995909 6.4526751 49181.08 5.76137656 5.76137656}
2021/03/07 11:13:25 streamdata.go:16: action=StreamIngestionData, {BTC_USD 2021-03-07T02:13:25.8923062Z 6271872 49220.91 49251.84 0.015 0.028 12.74995909 6.2626751 49181.08 5.76137656 5.76137656}
2021/03/07 11:13:26 streamdata.go:16: action=StreamIngestionData, {BTC_USD 2021-03-07T02:13:26.6663936Z 6271876 49220.91 49251.84 0.015 0.028 12.74995909 6.6739751 49181.08 5.76137656 5.76137656}
2021/03/07 11:13:27 streamdata.go:16: action=StreamIngestionData, {BTC_USD 2021-03-07T02:13:27.8351027Z 6271878 49220.91 49251.84 0.015 0.028 12.74995909 6.6739751 49181.08 5.76137656 5.76137656}
2021/03/07 11:13:28 streamdata.go:16: action=StreamIngestionData, {BTC_USD 2021-03-07T02:13:28.9138317Z 6271883 49234.63 49257.28 0.02 0.2503 12.73695909 6.6459751 49181.08 5.76137656 5.76137656}
2021/03/07 11:13:29 streamdata.go:16: action=StreamIngestionData, {BTC_USD 2021-03-07T02:13:29.4634135Z 6271887 49234.63 49257.27 0.02 0.047 9.79495909 6.6929751 49181.08 5.76137656 5.76137656}
2021/03/07 11:13:30 streamdata.go:16: action=StreamIngestionData, {BTC_USD 2021-03-07T02:13:30.0069992Z 6271889 49234.64 49257.27 3 0.047 12.77495909 6.6929751 49181.08 5.76137656 5.76137656}
2021/03/07 11:13:30 streamdata.go:16: action=StreamIngestionData, {BTC_USD 2021-03-07T02:13:30.5831576Z 6271896 49220.91 49257.27 0.052 0.047 9.53995909 6.2969751 49181.08 5.76137656 5.76137656}
2021/03/07 11:13:31 streamdata.go:16: action=StreamIngestionData, {BTC_USD 2021-03-07T02:13:31.5366347Z 6271908 49220.93 49257.27 0.015 0.094 12.75468409 6.3439751 49181.08 5.76137656 5.76137656}
2021/03/07 11:13:33 streamdata.go:16: action=StreamIngestionData, {BTC_USD 2021-03-07T02:13:32.868743Z 6271910 49220.93 49257.27 0.015 0.094 12.75468409 6.7039751 49181.08 5.76137656 5.76137656}
2021/03/07 11:13:40 streamdata.go:16: action=StreamIngestionData, {BTC_USD 2021-03-07T02:13:40.1785347Z 6271911 49230.48 49257.27 0.02 0.094 12.77468409 6.7039751 49181.08 5.76137656 5.76137656}
2021/03/07 11:13:41 streamdata.go:16: action=StreamIngestionData, {BTC_USD 2021-03-07T02:13:41.3942888Z 6271915 49220.92 49257.27 3.003 0.094 12.73368409 6.6599751 49181.08 5.76137656 5.76137656}
2021/03/07 11:13:42 streamdata.go:16: action=StreamIngestionData, {BTC_USD 2021-03-07T02:13:42.1205771Z 6271917 49229 49257.27 0.02 0.094 12.75368409 6.6529751 49181.08 5.76137656 5.76137656}
2021/03/07 11:13:43 streamdata.go:16: action=StreamIngestionData, {BTC_USD 2021-03-07T02:13:43.2033645Z 6271918 49229 49257.27 0.02 0.094 12.75368409 7.5581924 49181.08 5.76137656 5.76137656}
2021/03/07 11:13:44 streamdata.go:16: action=StreamIngestionData, {BTC_USD 2021-03-07T02:13:44.6629056Z 6271920 49220.92 49257.27 3.003 0.047 12.73368409 7.5111924 49181.08 5.76137656 5.76137656}
2021/03/07 11:13:45 streamdata.go:16: action=StreamIngestionData, {BTC_USD 2021-03-07T02:13:45.3529641Z 6271926 49233.79 49257.27 0.02 0.105 12.80368409 7.595691 49181.08 5.76137656 5.76137656}
2021/03/07 11:13:46 streamdata.go:16: action=StreamIngestionData, {BTC_USD 2021-03-07T02:13:45.9439262Z 6271929 49233.79 49257.27 0.02 0.105 9.80368409 7.520691 49181.08 5.76137656 5.76137656}
2021/03/07 11:13:46 streamdata.go:16: action=StreamIngestionData, {BTC_USD 2021-03-07T02:13:46.5213081Z 6271932 49233.79 49257.27 0.02 0.105 12.75168409 7.630691 49181.08 5.76137656 5.76137656}
2021/03/07 11:13:47 streamdata.go:16: action=StreamIngestionData, {BTC_USD 2021-03-07T02:13:47.0705999Z 6271935 49220.92 49257.27 0.053 0.105 9.73168409 7.520691 49181.08 5.76137656 5.76137656}
2021/03/07 11:13:47 streamdata.go:16: action=StreamIngestionData, {BTC_USD 2021-03-07T02:13:47.6190245Z 6271940 49232.02 49257.27 0.02 0.105 12.80568409 7.630691 49181.08 5.76137656 5.76137656}
